2025-04-08 16:27:05 [background-preinit] INFO  o.h.validator.internal.util.Version - HV000001: Hibernate Validator 8.0.2.Final
2025-04-08 16:27:05 [main] INFO  c.w.d.springmvc.DemoSpringMVCStarter - Starting DemoSpringMVCStarter using Java 17.0.6 with PID 4628 (C:\Users\moweitao\Desktop\study_stack\java-demo\8004-demo-springmvc\target\classes started by moweitao in C:\Users\moweitao\Desktop\study_stack\java-demo)
2025-04-08 16:27:05 [main] INFO  c.w.d.springmvc.DemoSpringMVCStarter - No active profile set, falling back to 1 default profile: "default"
2025-04-08 16:27:06 [main] INFO  o.s.b.w.e.tomcat.TomcatWebServer - Tomcat initialized with port 8004 (http)
2025-04-08 16:27:06 [main] INFO  o.a.coyote.http11.Http11NioProtocol - Initializing ProtocolHandler ["http-nio-8004"]
2025-04-08 16:27:06 [main] INFO  o.a.catalina.core.StandardService - Starting service [Tomcat]
2025-04-08 16:27:06 [main] INFO  o.a.catalina.core.StandardEngine - Starting Servlet engine: [Apache Tomcat/10.1.36]
2025-04-08 16:27:06 [main] INFO  o.a.c.c.C.[Tomcat].[localhost].[/] - Initializing Spring embedded WebApplicationContext
2025-04-08 16:27:06 [main] INFO  o.s.b.w.s.c.ServletWebServerApplicationContext - Root WebApplicationContext: initialization completed in 1313 ms
2025-04-08 16:27:06 [main] INFO  o.a.coyote.http11.Http11NioProtocol - Starting ProtocolHandler ["http-nio-8004"]
2025-04-08 16:27:06 [main] INFO  o.s.b.w.e.tomcat.TomcatWebServer - Tomcat started on port 8004 (http) with context path '/'
2025-04-08 16:27:07 [main] INFO  c.w.d.springmvc.DemoSpringMVCStarter - Started DemoSpringMVCStarter in 2.503 seconds (process running for 3.995)
2025-04-08 16:27:25 [http-nio-8004-exec-2] INFO  o.a.c.c.C.[Tomcat].[localhost].[/] - Initializing Spring DispatcherServlet 'dispatcherServlet'
2025-04-08 16:27:25 [http-nio-8004-exec-2] INFO  o.s.web.servlet.DispatcherServlet - Initializing Servlet 'dispatcherServlet'
2025-04-08 16:27:25 [http-nio-8004-exec-2] INFO  o.s.web.servlet.DispatcherServlet - Completed initialization in 1 ms
2025-04-08 16:27:49 [http-nio-8004-exec-2] INFO  c.w.d.s.demo.SpringMVCController - 8004-get
2025-04-08 16:27:49 [SpringApplicationShutdownHook] INFO  o.s.b.w.e.tomcat.GracefulShutdown - Commencing graceful shutdown. Waiting for active requests to complete
2025-04-08 16:28:04 [background-preinit] INFO  o.h.validator.internal.util.Version - HV000001: Hibernate Validator 8.0.2.Final
2025-04-08 16:28:04 [main] INFO  c.w.d.springmvc.DemoSpringMVCStarter - Starting DemoSpringMVCStarter using Java 17.0.6 with PID 2904 (C:\Users\moweitao\Desktop\study_stack\java-demo\8004-demo-springmvc\target\classes started by moweitao in C:\Users\moweitao\Desktop\study_stack\java-demo)
2025-04-08 16:28:04 [main] INFO  c.w.d.springmvc.DemoSpringMVCStarter - No active profile set, falling back to 1 default profile: "default"
2025-04-08 16:28:05 [main] INFO  o.s.b.w.e.tomcat.TomcatWebServer - Tomcat initialized with port 8004 (http)
2025-04-08 16:28:05 [main] INFO  o.a.coyote.http11.Http11NioProtocol - Initializing ProtocolHandler ["http-nio-8004"]
2025-04-08 16:28:05 [main] INFO  o.a.catalina.core.StandardService - Starting service [Tomcat]
2025-04-08 16:28:05 [main] INFO  o.a.catalina.core.StandardEngine - Starting Servlet engine: [Apache Tomcat/10.1.36]
2025-04-08 16:28:05 [main] INFO  o.a.c.c.C.[Tomcat].[localhost].[/] - Initializing Spring embedded WebApplicationContext
2025-04-08 16:28:05 [main] INFO  o.s.b.w.s.c.ServletWebServerApplicationContext - Root WebApplicationContext: initialization completed in 1017 ms
2025-04-08 16:28:05 [main] INFO  o.a.coyote.http11.Http11NioProtocol - Starting ProtocolHandler ["http-nio-8004"]
2025-04-08 16:28:05 [main] INFO  o.s.b.w.e.tomcat.TomcatWebServer - Tomcat started on port 8004 (http) with context path '/'
2025-04-08 16:28:05 [main] INFO  c.w.d.springmvc.DemoSpringMVCStarter - Started DemoSpringMVCStarter in 2.17 seconds (process running for 3.592)
2025-04-08 16:28:07 [http-nio-8004-exec-1] INFO  o.a.c.c.C.[Tomcat].[localhost].[/] - Initializing Spring DispatcherServlet 'dispatcherServlet'
2025-04-08 16:28:07 [http-nio-8004-exec-1] INFO  o.s.web.servlet.DispatcherServlet - Initializing Servlet 'dispatcherServlet'
2025-04-08 16:28:07 [http-nio-8004-exec-1] INFO  o.s.web.servlet.DispatcherServlet - Completed initialization in 1 ms
2025-04-08 16:38:23 [http-nio-8004-exec-1] INFO  c.w.d.s.demo.SpringMVCController - 8004-get
2025-04-08 16:38:23 [SpringApplicationShutdownHook] INFO  o.s.b.w.e.tomcat.GracefulShutdown - Commencing graceful shutdown. Waiting for active requests to complete
2025-04-08 16:38:30 [background-preinit] INFO  o.h.validator.internal.util.Version - HV000001: Hibernate Validator 8.0.2.Final
2025-04-08 16:38:30 [main] INFO  c.w.d.springmvc.DemoSpringMVCStarter - Starting DemoSpringMVCStarter using Java 17.0.6 with PID 26356 (C:\Users\moweitao\Desktop\study_stack\java-demo\8004-demo-springmvc\target\classes started by moweitao in C:\Users\moweitao\Desktop\study_stack\java-demo)
2025-04-08 16:38:30 [main] INFO  c.w.d.springmvc.DemoSpringMVCStarter - No active profile set, falling back to 1 default profile: "default"
2025-04-08 16:38:31 [main] INFO  o.s.b.w.e.tomcat.TomcatWebServer - Tomcat initialized with port 8004 (http)
2025-04-08 16:38:31 [main] INFO  o.a.coyote.http11.Http11NioProtocol - Initializing ProtocolHandler ["http-nio-8004"]
2025-04-08 16:38:31 [main] INFO  o.a.catalina.core.StandardService - Starting service [Tomcat]
2025-04-08 16:38:31 [main] INFO  o.a.catalina.core.StandardEngine - Starting Servlet engine: [Apache Tomcat/10.1.36]
2025-04-08 16:38:31 [main] INFO  o.a.c.c.C.[Tomcat].[localhost].[/] - Initializing Spring embedded WebApplicationContext
2025-04-08 16:38:31 [main] INFO  o.s.b.w.s.c.ServletWebServerApplicationContext - Root WebApplicationContext: initialization completed in 966 ms
2025-04-08 16:44:56 [background-preinit] INFO  o.h.validator.internal.util.Version - HV000001: Hibernate Validator 8.0.2.Final
2025-04-08 16:44:56 [main] INFO  c.w.d.springmvc.DemoSpringMVCStarter - Starting DemoSpringMVCStarter using Java 17.0.6 with PID 53752 (C:\Users\moweitao\Desktop\study_stack\java-demo\8004-demo-springmvc\target\classes started by moweitao in C:\Users\moweitao\Desktop\study_stack\java-demo)
2025-04-08 16:44:56 [main] INFO  c.w.d.springmvc.DemoSpringMVCStarter - No active profile set, falling back to 1 default profile: "default"
2025-04-08 16:44:57 [main] INFO  o.s.b.w.e.tomcat.TomcatWebServer - Tomcat initialized with port 8004 (http)
2025-04-08 16:44:57 [main] INFO  o.a.coyote.http11.Http11NioProtocol - Initializing ProtocolHandler ["http-nio-8004"]
2025-04-08 16:44:57 [main] INFO  o.a.catalina.core.StandardService - Starting service [Tomcat]
2025-04-08 16:44:57 [main] INFO  o.a.catalina.core.StandardEngine - Starting Servlet engine: [Apache Tomcat/10.1.36]
2025-04-08 16:44:57 [main] INFO  o.a.c.c.C.[Tomcat].[localhost].[/] - Initializing Spring embedded WebApplicationContext
2025-04-08 16:44:57 [main] INFO  o.s.b.w.s.c.ServletWebServerApplicationContext - Root WebApplicationContext: initialization completed in 935 ms
2025-04-08 16:44:57 [main] INFO  o.a.coyote.http11.Http11NioProtocol - Starting ProtocolHandler ["http-nio-8004"]
2025-04-08 16:44:57 [main] INFO  o.s.b.w.e.tomcat.TomcatWebServer - Tomcat started on port 8004 (http) with context path '/'
2025-04-08 16:44:57 [main] INFO  c.w.d.springmvc.DemoSpringMVCStarter - Started DemoSpringMVCStarter in 1.942 seconds (process running for 3.018)
2025-04-08 16:45:01 [SpringApplicationShutdownHook] INFO  o.s.b.w.e.tomcat.GracefulShutdown - Commencing graceful shutdown. Waiting for active requests to complete
2025-04-08 16:45:06 [background-preinit] INFO  o.h.validator.internal.util.Version - HV000001: Hibernate Validator 8.0.2.Final
2025-04-08 16:45:06 [main] INFO  c.w.d.springmvc.DemoSpringMVCStarter - Starting DemoSpringMVCStarter using Java 17.0.6 with PID 20512 (C:\Users\moweitao\Desktop\study_stack\java-demo\8004-demo-springmvc\target\classes started by moweitao in C:\Users\moweitao\Desktop\study_stack\java-demo)
2025-04-08 16:45:06 [main] INFO  c.w.d.springmvc.DemoSpringMVCStarter - No active profile set, falling back to 1 default profile: "default"
2025-04-08 16:45:07 [main] INFO  o.s.b.w.e.tomcat.TomcatWebServer - Tomcat initialized with port 8004 (http)
2025-04-08 16:45:07 [main] INFO  o.a.coyote.http11.Http11NioProtocol - Initializing ProtocolHandler ["http-nio-8004"]
2025-04-08 16:45:07 [main] INFO  o.a.catalina.core.StandardService - Starting service [Tomcat]
2025-04-08 16:45:07 [main] INFO  o.a.catalina.core.StandardEngine - Starting Servlet engine: [Apache Tomcat/10.1.36]
2025-04-08 16:45:07 [main] INFO  o.a.c.c.C.[Tomcat].[localhost].[/] - Initializing Spring embedded WebApplicationContext
2025-04-08 16:45:07 [main] INFO  o.s.b.w.s.c.ServletWebServerApplicationContext - Root WebApplicationContext: initialization completed in 1013 ms
2025-04-08 16:46:12 [background-preinit] INFO  o.h.validator.internal.util.Version - HV000001: Hibernate Validator 8.0.2.Final
2025-04-08 16:46:12 [main] INFO  c.w.d.springmvc.DemoSpringMVCStarter - Starting DemoSpringMVCStarter using Java 17.0.6 with PID 34920 (C:\Users\moweitao\Desktop\study_stack\java-demo\8004-demo-springmvc\target\classes started by moweitao in C:\Users\moweitao\Desktop\study_stack\java-demo)
2025-04-08 16:46:12 [main] INFO  c.w.d.springmvc.DemoSpringMVCStarter - No active profile set, falling back to 1 default profile: "default"
2025-04-08 16:46:14 [main] INFO  o.s.b.w.e.tomcat.TomcatWebServer - Tomcat initialized with port 8004 (http)
2025-04-08 16:46:14 [main] INFO  o.a.coyote.http11.Http11NioProtocol - Initializing ProtocolHandler ["http-nio-8004"]
2025-04-08 16:46:14 [main] INFO  o.a.catalina.core.StandardService - Starting service [Tomcat]
2025-04-08 16:46:14 [main] INFO  o.a.catalina.core.StandardEngine - Starting Servlet engine: [Apache Tomcat/10.1.36]
2025-04-08 16:46:14 [main] INFO  o.a.c.c.C.[Tomcat].[localhost].[/] - Initializing Spring embedded WebApplicationContext
2025-04-08 16:46:14 [main] INFO  o.s.b.w.s.c.ServletWebServerApplicationContext - Root WebApplicationContext: initialization completed in 1433 ms
2025-04-08 16:46:14 [main] WARN  o.s.b.w.s.c.AnnotationConfigServletWebServerApplicationContext - Exception encountered during context initialization - cancelling refresh attempt: org.springframework.beans.factory.UnsatisfiedDependencyException: Error creating bean with name 'springMVCController': Unsatisfied dependency expressed through field 'lttRedisProperties': No qualifying bean of type 'com.wwmmtt.demo.springmvc.demo.LttRedisProperties' available: expected at least 1 bean which qualifies as autowire candidate. Dependency annotations: {@org.springframework.beans.factory.annotation.Autowired(required=true)}
2025-04-08 16:46:14 [main] INFO  o.a.catalina.core.StandardService - Stopping service [Tomcat]
2025-04-08 16:46:14 [main] INFO  o.s.b.a.l.ConditionEvaluationReportLogger - 

Error starting ApplicationContext. To display the condition evaluation report re-run your application with 'debug' enabled.
2025-04-08 16:46:14 [main] ERROR o.s.b.d.LoggingFailureAnalysisReporter - 

***************************
APPLICATION FAILED TO START
***************************

Description:

Field lttRedisProperties in com.wwmmtt.demo.springmvc.demo.SpringMVCController required a bean of type 'com.wwmmtt.demo.springmvc.demo.LttRedisProperties' that could not be found.

The injection point has the following annotations:
	- @org.springframework.beans.factory.annotation.Autowired(required=true)


Action:

Consider defining a bean of type 'com.wwmmtt.demo.springmvc.demo.LttRedisProperties' in your configuration.

2025-04-08 16:46:44 [background-preinit] INFO  o.h.validator.internal.util.Version - HV000001: Hibernate Validator 8.0.2.Final
2025-04-08 16:46:44 [main] INFO  c.w.d.springmvc.DemoSpringMVCStarter - Starting DemoSpringMVCStarter using Java 17.0.6 with PID 36860 (C:\Users\moweitao\Desktop\study_stack\java-demo\8004-demo-springmvc\target\classes started by moweitao in C:\Users\moweitao\Desktop\study_stack\java-demo)
2025-04-08 16:46:44 [main] INFO  c.w.d.springmvc.DemoSpringMVCStarter - No active profile set, falling back to 1 default profile: "default"
2025-04-08 16:46:45 [main] INFO  o.s.b.w.e.tomcat.TomcatWebServer - Tomcat initialized with port 8004 (http)
2025-04-08 16:46:46 [main] INFO  o.a.coyote.http11.Http11NioProtocol - Initializing ProtocolHandler ["http-nio-8004"]
2025-04-08 16:46:46 [main] INFO  o.a.catalina.core.StandardService - Starting service [Tomcat]
2025-04-08 16:46:46 [main] INFO  o.a.catalina.core.StandardEngine - Starting Servlet engine: [Apache Tomcat/10.1.36]
2025-04-08 16:46:46 [main] INFO  o.a.c.c.C.[Tomcat].[localhost].[/] - Initializing Spring embedded WebApplicationContext
2025-04-08 16:46:46 [main] INFO  o.s.b.w.s.c.ServletWebServerApplicationContext - Root WebApplicationContext: initialization completed in 1033 ms
